Arguments: 
  /usr/local/bin/node /usr/local/bin/yarn

PATH: 
  /usr/local/bin:/usr/bin:/bin:/usr/sbin:/sbin:/Applications/VMware Fusion.app/Contents/Public:/Library/Frameworks/Mono.framework/Versions/Current/Commands

Yarn version: 
  1.19.0

Node version: 
  10.16.0

Platform: 
  darwin x64

Trace: 
  SyntaxError: /Users/thomaslau/projects/lerna_test/package.json: Unexpected token } in JSON at position 212
      at JSON.parse (<anonymous>)
      at /usr/local/lib/node_modules/yarn/lib/cli.js:1625:59
      at Generator.next (<anonymous>)
      at step (/usr/local/lib/node_modules/yarn/lib/cli.js:304:30)
      at /usr/local/lib/node_modules/yarn/lib/cli.js:315:13

npm manifest: 
  {
    "name": "root",
    "private": true,
    "workspaces": [
      "packages/*"
    ],
    "devDependencies": {
      "@babel/core": "7.9.0",
      "lerna": "^3.22.0",
      "prettier": "^2.0.2",
      "lint-staged": "^10.1.6",
    },
    "gitHooks": {
      "pre-commit": "lint-staged",
      // "commit-msg": "node scripts/verifyCommit.js"
    },
    "lint-staged": {
      "*.{js,jsx,less,md,json}": [
        "prettier --write",
        "git add"
      ],
      "*.ts?(x)": [
        "prettier --parser=typescript --write",
        "git add"
      ]
    }
  }

yarn manifest: 
  No manifest

Lockfile: 
  No lockfile
